android/app/build/intermediates/manifest_merge_blame_file/debug/processDebugMainManifest/manifest-merger-blame-debug-report.txt
1<?xml version="1.0" encoding="utf-8"?>
2<manifest xmlns:android="http://schemas.android.com/apk/res/android"
3    package="com.example.mygermanfreund"
4    android:versionCode="1"
5    android:versionName="1.0" >
6
7    <uses-sdk
8        android:minSdkVersion="24"
9        android:targetSdkVersion="36" />
10    <!--
11         The INTERNET permission is required for development. Specifically,
12         the Flutter tool needs it to communicate with the running application
13         to allow setting breakpoints, to provide hot reload, etc.
14    -->
15    <uses-permission android:name="android.permission.INTERNET" />
15-->src\main\AndroidManifest.xml:4:5-67
15-->src\main\AndroidManifest.xml:4:22-64
16
17    <uses-feature
17-->src\main\AndroidManifest.xml:5:5-7:36
18        android:name="android.hardware.camera"
18-->src\main\AndroidManifest.xml:6:9-47
19        android:required="false" /> <!-- Camera for letter scanning -->
19-->src\main\AndroidManifest.xml:7:9-33
20    <uses-permission android:name="android.permission.CAMERA" />
20-->src\main\AndroidManifest.xml:9:5-65
20-->src\main\AndroidManifest.xml:9:22-62
21    <uses-permission android:name="android.permission.READ_EXTERNAL_STORAGE" /> <!-- Needed for notifications -->
21-->src\main\AndroidManifest.xml:10:5-80
21-->src\main\AndroidManifest.xml:10:22-77
22    <uses-permission android:name="android.permission.RECEIVE_BOOT_COMPLETED" />
22-->src\main\AndroidManifest.xml:12:5-81
22-->src\main\AndroidManifest.xml:12:22-78
23    <!--
24 Required to query activities that can process text, see:
25         https://developer.android.com/training/package-visibility and
26         https://developer.android.com/reference/android/content/Intent#ACTION_PROCESS_TEXT.
27
28         In particular, this is used by the Flutter engine in io.flutter.plugin.text.ProcessTextPlugin.
29    -->
30    <queries>
30-->src\main\AndroidManifest.xml:51:5-56:15
31        <intent>
31-->src\main\AndroidManifest.xml:52:9-55:18
32            <action android:name="android.intent.action.PROCESS_TEXT" />
32-->src\main\AndroidManifest.xml:53:13-72
32-->src\main\AndroidManifest.xml:53:21-70
33
34            <data android:mimeType="text/plain" />
34-->src\main\AndroidManifest.xml:54:13-50
34-->src\main\AndroidManifest.xml:54:19-48
35        </intent>
36    </queries>
37
38    <uses-feature android:name="android.hardware.camera.any" />
38-->[:camera_android_camerax] AndroidManifest.xml:7:5-64
38-->[:camera_android_camerax] AndroidManifest.xml:7:19-61
39
40    <uses-permission android:name="android.permission.RECORD_AUDIO" />
40-->[:camera_android_camerax] AndroidManifest.xml:10:5-71
40-->[:camera_android_camerax] AndroidManifest.xml:10:22-68
41    <uses-permission
41-->[:camera_android_camerax] AndroidManifest.xml:11:5-13:38
42        android:name="android.permission.WRITE_EXTERNAL_STORAGE"
42-->[:camera_android_camerax] AndroidManifest.xml:12:9-65
43        android:maxSdkVersion="28" />
43-->[:camera_android_camerax] AndroidManifest.xml:13:9-35
44    <uses-permission android:name="android.permission.ACCESS_NETWORK_STATE" />
44-->[com.google.firebase:firebase-auth:24.0.1] AndroidManifest.xml:26:5-79
44-->[com.google.firebase:firebase-auth:24.0.1] AndroidManifest.xml:26:22-76
45    <uses-permission android:name="android.permission.USE_BIOMETRIC" /> <!-- suppress DeprecatedClassUsageInspection -->
45-->[:local_auth_android] AndroidManifest.xml:7:5-72
45-->[:local_auth_android] AndroidManifest.xml:7:22-69
46    <uses-permission android:name="android.permission.USE_FINGERPRINT" />
46-->[androidx.biometric:biometric:1.1.0] AndroidManifest.xml:27:5-74
46-->[androidx.biometric:biometric:1.1.0] AndroidManifest.xml:27:22-71
47    <uses-permission android:name="android.permission.VIBRATE" />
47-->[:flutter_local_notifications] AndroidManifest.xml:7:5-66
47-->[:flutter_local_notifications] AndroidManifest.xml:7:22-63
48    <uses-permission android:name="android.permission.POST_NOTIFICATIONS" />
48-->[:flutter_local_notifications] AndroidManifest.xml:8:5-77
48-->[:flutter_local_notifications] AndroidManifest.xml:8:22-74
49    <uses-permission android:name="com.google.android.providers.gsf.permission.READ_GSERVICES" />
49-->[com.google.android.recaptcha:recaptcha:18.6.1] AndroidManifest.xml:9:5-98
49-->[com.google.android.recaptcha:recaptcha:18.6.1] AndroidManifest.xml:9:22-95
50
51    <permission
51-->[androidx.core:core:1.16.0] AndroidManifest.xml:22:5-24:47
52        android:name="com.example.mygermanfreund.DYNAMIC_RECEIVER_NOT_EXPORTED_PERMISSION"
52-->[androidx.core:core:1.16.0] AndroidManifest.xml:23:9-81
53        android:protectionLevel="signature" />
53-->[androidx.core:core:1.16.0] AndroidManifest.xml:24:9-44
54
55    <uses-permission android:name="com.example.mygermanfreund.DYNAMIC_RECEIVER_NOT_EXPORTED_PERMISSION" />
55-->[androidx.core:core:1.16.0] AndroidManifest.xml:26:5-97
55-->[androidx.core:core:1.16.0] AndroidManifest.xml:26:22-94
56
57    <application
58        android:name="android.app.Application"
59        android:appComponentFactory="androidx.core.app.CoreComponentFactory"
59-->[androidx.core:core:1.16.0] AndroidManifest.xml:28:18-86
60        android:debuggable="true"
61        android:extractNativeLibs="false"
62        android:icon="@mipmap/ic_launcher"
63        android:label="mygermanfreund" >
64        <activity
65            android:name="com.example.mygermanfreund.MainActivity"
66            android:configChanges="orientation|keyboardHidden|keyboard|screenSize|smallestScreenSize|locale|layoutDirection|fontScale|screenLayout|density|uiMode"
67            android:exported="true"
68            android:hardwareAccelerated="true"
69            android:launchMode="singleTop"
70            android:taskAffinity=""
71            android:theme="@style/LaunchTheme"
72            android:windowSoftInputMode="adjustResize" >
73
74            <!--
75                 Specifies an Android theme to apply to this Activity as soon as
76                 the Android process has started. This theme is visible to the user
77                 while the Flutter UI initializes. After that, this theme continues
78                 to determine the Window background behind the Flutter UI.
79            -->
80            <meta-data
81                android:name="io.flutter.embedding.android.NormalTheme"
82                android:resource="@style/NormalTheme" />
83
84            <intent-filter>
85                <action android:name="android.intent.action.MAIN" />
86
87                <category android:name="android.intent.category.LAUNCHER" />
88            </intent-filter>
89        </activity>
90        <!--
91             Don't delete the meta-data below.
92             This is used by the Flutter tool to generate GeneratedPluginRegistrant.java
93        -->
94        <meta-data
95            android:name="flutterEmbedding"
96            android:value="2" />
97
98        <service
98-->[androidx.camera:camera-camera2:1.5.1] AndroidManifest.xml:24:9-33:19
99            android:name="androidx.camera.core.impl.MetadataHolderService"
99-->[androidx.camera:camera-camera2:1.5.1] AndroidManifest.xml:25:13-75
100            android:enabled="false"
100-->[androidx.camera:camera-camera2:1.5.1] AndroidManifest.xml:26:13-36
101            android:exported="false" >
101-->[androidx.camera:camera-camera2:1.5.1] AndroidManifest.xml:27:13-37
102            <meta-data
102-->[androidx.camera:camera-camera2:1.5.1] AndroidManifest.xml:30:13-32:89
103                android:name="androidx.camera.core.impl.MetadataHolderService.DEFAULT_CONFIG_PROVIDER"
103-->[androidx.camera:camera-camera2:1.5.1] AndroidManifest.xml:31:17-103
104                android:value="androidx.camera.camera2.Camera2Config$DefaultProvider" />
104-->[androidx.camera:camera-camera2:1.5.1] AndroidManifest.xml:32:17-86
105        </service>
106        <service
106-->[:firebase_auth] AndroidManifest.xml:8:9-12:19
107            android:name="com.google.firebase.components.ComponentDiscoveryService"
107-->[:firebase_auth] AndroidManifest.xml:8:18-89
108            android:directBootAware="true"
108-->[com.google.firebase:firebase-common:22.0.1] AndroidManifest.xml:32:13-43
109            android:exported="false" >
109-->[com.google.firebase:firebase-auth:24.0.1] AndroidManifest.xml:68:13-37
110            <meta-data
110-->[:firebase_auth] AndroidManifest.xml:9:13-11:85
111                android:name="com.google.firebase.components:io.flutter.plugins.firebase.auth.FlutterFirebaseAuthRegistrar"
111-->[:firebase_auth] AndroidManifest.xml:10:17-124
112                android:value="com.google.firebase.components.ComponentRegistrar" />
112-->[:firebase_auth] AndroidManifest.xml:11:17-82
113            <meta-data
113-->[:cloud_firestore] AndroidManifest.xml:9:13-11:85
114                android:name="com.google.firebase.components:io.flutter.plugins.firebase.firestore.FlutterFirebaseFirestoreRegistrar"
114-->[:cloud_firestore] AndroidManifest.xml:10:17-134
115                android:value="com.google.firebase.components.ComponentRegistrar" />
115-->[:cloud_firestore] AndroidManifest.xml:11:17-82
116            <meta-data
116-->[:firebase_core] AndroidManifest.xml:9:13-11:85
117                android:name="com.google.firebase.components:io.flutter.plugins.firebase.core.FlutterFirebaseCoreRegistrar"
117-->[:firebase_core] AndroidManifest.xml:10:17-124
118                android:value="com.google.firebase.components.ComponentRegistrar" />
118-->[:firebase_core] AndroidManifest.xml:11:17-82
119            <meta-data
119-->[com.google.firebase:firebase-auth:24.0.1] AndroidManifest.xml:69:13-71:85
120                android:name="com.google.firebase.components:com.google.firebase.auth.FirebaseAuthRegistrar"
120-->[com.google.firebase:firebase-auth:24.0.1] AndroidManifest.xml:70:17-109
121                android:value="com.google.firebase.components.ComponentRegistrar" />
121-->[com.google.firebase:firebase-auth:24.0.1] AndroidManifest.xml:71:17-82
122            <meta-data
122-->[com.google.firebase:firebase-firestore:26.0.2] AndroidManifest.xml:17:13-19:85
123                android:name="com.google.firebase.components:com.google.firebase.firestore.FirebaseFirestoreKtxRegistrar"
123-->[com.google.firebase:firebase-firestore:26.0.2] AndroidManifest.xml:18:17-122
124                android:value="com.google.firebase.components.ComponentRegistrar" />
124-->[com.google.firebase:firebase-firestore:26.0.2] AndroidManifest.xml:19:17-82
125            <meta-data
125-->[com.google.firebase:firebase-firestore:26.0.2] AndroidManifest.xml:20:13-22:85
126                android:name="com.google.firebase.components:com.google.firebase.firestore.FirestoreRegistrar"
126-->[com.google.firebase:firebase-firestore:26.0.2] AndroidManifest.xml:21:17-111
127                android:value="com.google.firebase.components.ComponentRegistrar" />
127-->[com.google.firebase:firebase-firestore:26.0.2] AndroidManifest.xml:22:17-82
128            <meta-data
128-->[com.google.firebase:firebase-common:22.0.1] AndroidManifest.xml:35:13-37:85
129                android:name="com.google.firebase.components:com.google.firebase.FirebaseCommonKtxRegistrar"
129-->[com.google.firebase:firebase-common:22.0.1] AndroidManifest.xml:36:17-109
130                android:value="com.google.firebase.components.ComponentRegistrar" />
130-->[com.google.firebase:firebase-common:22.0.1] AndroidManifest.xml:37:17-82
131        </service>
132
133        <activity
133-->[com.google.firebase:firebase-auth:24.0.1] AndroidManifest.xml:29:9-46:20
134            android:name="com.google.firebase.auth.internal.GenericIdpActivity"
134-->[com.google.firebase:firebase-auth:24.0.1] AndroidManifest.xml:30:13-80
135            android:excludeFromRecents="true"
135-->[com.google.firebase:firebase-auth:24.0.1] AndroidManifest.xml:31:13-46
136            android:exported="true"
136-->[com.google.firebase:firebase-auth:24.0.1] AndroidManifest.xml:32:13-36
137            android:launchMode="singleTask"
137-->[com.google.firebase:firebase-auth:24.0.1] AndroidManifest.xml:33:13-44
138            android:theme="@android:style/Theme.Translucent.NoTitleBar" >
138-->[com.google.firebase:firebase-auth:24.0.1] AndroidManifest.xml:34:13-72
139            <intent-filter>
139-->[com.google.firebase:firebase-auth:24.0.1] AndroidManifest.xml:35:13-45:29
140                <action android:name="android.intent.action.VIEW" />
140-->[com.google.firebase:firebase-auth:24.0.1] AndroidManifest.xml:36:17-69
140-->[com.google.firebase:firebase-auth:24.0.1] AndroidManifest.xml:36:25-66
141
142                <category android:name="android.intent.category.DEFAULT" />
142-->[com.google.firebase:firebase-auth:24.0.1] AndroidManifest.xml:38:17-76
142-->[com.google.firebase:firebase-auth:24.0.1] AndroidManifest.xml:38:27-73
143                <category android:name="android.intent.category.BROWSABLE" />
143-->[com.google.firebase:firebase-auth:24.0.1] AndroidManifest.xml:39:17-78
143-->[com.google.firebase:firebase-auth:24.0.1] AndroidManifest.xml:39:27-75
144
145                <data
145-->src\main\AndroidManifest.xml:54:13-50
146                    android:host="firebase.auth"
147                    android:path="/"
148                    android:scheme="genericidp" />
149            </intent-filter>
150        </activity>
151        <activity
151-->[com.google.firebase:firebase-auth:24.0.1] AndroidManifest.xml:47:9-64:20
152            android:name="com.google.firebase.auth.internal.RecaptchaActivity"
152-->[com.google.firebase:firebase-auth:24.0.1] AndroidManifest.xml:48:13-79
153            android:excludeFromRecents="true"
153-->[com.google.firebase:firebase-auth:24.0.1] AndroidManifest.xml:49:13-46
154            android:exported="true"
154-->[com.google.firebase:firebase-auth:24.0.1] AndroidManifest.xml:50:13-36
155            android:launchMode="singleTask"
155-->[com.google.firebase:firebase-auth:24.0.1] AndroidManifest.xml:51:13-44
156            android:theme="@android:style/Theme.Translucent.NoTitleBar" >
156-->[com.google.firebase:firebase-auth:24.0.1] AndroidManifest.xml:52:13-72
157            <intent-filter>
157-->[com.google.firebase:firebase-auth:24.0.1] AndroidManifest.xml:53:13-63:29
158                <action android:name="android.intent.action.VIEW" />
158-->[com.google.firebase:firebase-auth:24.0.1] AndroidManifest.xml:36:17-69
158-->[com.google.firebase:firebase-auth:24.0.1] AndroidManifest.xml:36:25-66
159
160                <category android:name="android.intent.category.DEFAULT" />
160-->[com.google.firebase:firebase-auth:24.0.1] AndroidManifest.xml:38:17-76
160-->[com.google.firebase:firebase-auth:24.0.1] AndroidManifest.xml:38:27-73
161                <category android:name="android.intent.category.BROWSABLE" />
161-->[com.google.firebase:firebase-auth:24.0.1] AndroidManifest.xml:39:17-78
161-->[com.google.firebase:firebase-auth:24.0.1] AndroidManifest.xml:39:27-75
162
163                <data
163-->src\main\AndroidManifest.xml:54:13-50
164                    android:host="firebase.auth"
165                    android:path="/"
166                    android:scheme="recaptcha" />
167            </intent-filter>
168        </activity>
169
170        <service
170-->[androidx.credentials:credentials-play-services-auth:1.5.0] AndroidManifest.xml:24:9-32:19
171            android:name="androidx.credentials.playservices.CredentialProviderMetadataHolder"
171-->[androidx.credentials:credentials-play-services-auth:1.5.0] AndroidManifest.xml:25:13-94
172            android:enabled="true"
172-->[androidx.credentials:credentials-play-services-auth:1.5.0] AndroidManifest.xml:26:13-35
173            android:exported="false" >
173-->[androidx.credentials:credentials-play-services-auth:1.5.0] AndroidManifest.xml:27:13-37
174            <meta-data
174-->[androidx.credentials:credentials-play-services-auth:1.5.0] AndroidManifest.xml:29:13-31:104
175                android:name="androidx.credentials.CREDENTIAL_PROVIDER_KEY"
175-->[androidx.credentials:credentials-play-services-auth:1.5.0] AndroidManifest.xml:30:17-76
176                android:value="androidx.credentials.playservices.CredentialProviderPlayServicesImpl" />
176-->[androidx.credentials:credentials-play-services-auth:1.5.0] AndroidManifest.xml:31:17-101
177        </service>
178
179        <activity
179-->[androidx.credentials:credentials-play-services-auth:1.5.0] AndroidManifest.xml:34:9-41:20
180            android:name="androidx.credentials.playservices.HiddenActivity"
180-->[androidx.credentials:credentials-play-services-auth:1.5.0] AndroidManifest.xml:35:13-76
181            android:configChanges="orientation|screenSize|screenLayout|keyboardHidden"
181-->[androidx.credentials:credentials-play-services-auth:1.5.0] AndroidManifest.xml:36:13-87
182            android:enabled="true"
182-->[androidx.credentials:credentials-play-services-auth:1.5.0] AndroidManifest.xml:37:13-35
183            android:exported="false"
183-->[androidx.credentials:credentials-play-services-auth:1.5.0] AndroidManifest.xml:38:13-37
184            android:fitsSystemWindows="true"
184-->[androidx.credentials:credentials-play-services-auth:1.5.0] AndroidManifest.xml:39:13-45
185            android:theme="@style/Theme.Hidden" >
185-->[androidx.credentials:credentials-play-services-auth:1.5.0] AndroidManifest.xml:40:13-48
186        </activity>
187        <activity
187-->[androidx.credentials:credentials-play-services-auth:1.5.0] AndroidManifest.xml:42:9-49:20
188            android:name="androidx.credentials.playservices.IdentityCredentialApiHiddenActivity"
188-->[androidx.credentials:credentials-play-services-auth:1.5.0] AndroidManifest.xml:43:13-97
189            android:configChanges="orientation|screenSize|screenLayout|keyboardHidden"
189-->[androidx.credentials:credentials-play-services-auth:1.5.0] AndroidManifest.xml:44:13-87
190            android:enabled="true"
190-->[androidx.credentials:credentials-play-services-auth:1.5.0] AndroidManifest.xml:45:13-35
191            android:exported="false"
191-->[androidx.credentials:credentials-play-services-auth:1.5.0] AndroidManifest.xml:46:13-37
192            android:fitsSystemWindows="true"
192-->[androidx.credentials:credentials-play-services-auth:1.5.0] AndroidManifest.xml:47:13-45
193            android:theme="@style/Theme.Hidden" >
193-->[androidx.credentials:credentials-play-services-auth:1.5.0] AndroidManifest.xml:48:13-48
194        </activity>
195
196        <provider
196-->[:image_picker_android] AndroidManifest.xml:9:9-17:20
197            android:name="io.flutter.plugins.imagepicker.ImagePickerFileProvider"
197-->[:image_picker_android] AndroidManifest.xml:10:13-82
198            android:authorities="com.example.mygermanfreund.flutter.image_provider"
198-->[:image_picker_android] AndroidManifest.xml:11:13-74
199            android:exported="false"
199-->[:image_picker_android] AndroidManifest.xml:12:13-37
200            android:grantUriPermissions="true" >
200-->[:image_picker_android] AndroidManifest.xml:13:13-47
201            <meta-data
201-->[:image_picker_android] AndroidManifest.xml:14:13-16:75
202                android:name="android.support.FILE_PROVIDER_PATHS"
202-->[:image_picker_android] AndroidManifest.xml:15:17-67
203                android:resource="@xml/flutter_image_picker_file_paths" />
203-->[:image_picker_android] AndroidManifest.xml:16:17-72
204        </provider> <!-- Trigger Google Play services to install the backported photo picker module. -->
205        <service
205-->[:image_picker_android] AndroidManifest.xml:19:9-31:19
206            android:name="com.google.android.gms.metadata.ModuleDependencies"
206-->[:image_picker_android] AndroidManifest.xml:20:13-78
207            android:enabled="false"
207-->[:image_picker_android] AndroidManifest.xml:21:13-36
208            android:exported="false" >
208-->[:image_picker_android] AndroidManifest.xml:22:13-37
209            <intent-filter>
209-->[:image_picker_android] AndroidManifest.xml:24:13-26:29
210                <action android:name="com.google.android.gms.metadata.MODULE_DEPENDENCIES" />
210-->[:image_picker_android] AndroidManifest.xml:25:17-94
210-->[:image_picker_android] AndroidManifest.xml:25:25-91
211            </intent-filter>
212
213            <meta-data
213-->[:image_picker_android] AndroidManifest.xml:28:13-30:36
214                android:name="photopicker_activity:0:required"
214-->[:image_picker_android] AndroidManifest.xml:29:17-63
215                android:value="" />
215-->[:image_picker_android] AndroidManifest.xml:30:17-33
216        </service>
217        <!--
218        This activity is an invisible delegate activity to start scanner activity
219        and receive result, so it's unnecessary to support screen orientation and
220        we can avoid any side effect from activity recreation in any case.
221        -->
222        <activity
222-->[com.google.android.gms:play-services-mlkit-document-scanner:16.0.0-beta1] AndroidManifest.xml:15:9-21:20
223            android:name="com.google.mlkit.vision.documentscanner.internal.GmsDocumentScanningDelegateActivity"
223-->[com.google.android.gms:play-services-mlkit-document-scanner:16.0.0-beta1] AndroidManifest.xml:16:13-112
224            android:exported="false"
224-->[com.google.android.gms:play-services-mlkit-document-scanner:16.0.0-beta1] AndroidManifest.xml:17:13-37
225            android:screenOrientation="portrait"
225-->[com.google.android.gms:play-services-mlkit-document-scanner:16.0.0-beta1] AndroidManifest.xml:18:13-49
226            android:theme="@android:style/Theme.Black.NoTitleBar.Fullscreen" >
226-->[com.google.android.gms:play-services-mlkit-document-scanner:16.0.0-beta1] AndroidManifest.xml:19:13-77
227        </activity>
228        <activity
228-->[:url_launcher_android] AndroidManifest.xml:8:9-11:74
229            android:name="io.flutter.plugins.urllauncher.WebViewActivity"
229-->[:url_launcher_android] AndroidManifest.xml:9:13-74
230            android:exported="false"
230-->[:url_launcher_android] AndroidManifest.xml:10:13-37
231            android:theme="@android:style/Theme.NoTitleBar.Fullscreen" />
231-->[:url_launcher_android] AndroidManifest.xml:11:13-71
232        <activity
232-->[com.google.android.gms:play-services-auth:21.4.0] AndroidManifest.xml:23:9-27:75
233            android:name="com.google.android.gms.auth.api.signin.internal.SignInHubActivity"
233-->[com.google.android.gms:play-services-auth:21.4.0] AndroidManifest.xml:24:13-93
234            android:excludeFromRecents="true"
234-->[com.google.android.gms:play-services-auth:21.4.0] AndroidManifest.xml:25:13-46
235            android:exported="false"
235-->[com.google.android.gms:play-services-auth:21.4.0] AndroidManifest.xml:26:13-37
236            android:theme="@android:style/Theme.Translucent.NoTitleBar" />
236-->[com.google.android.gms:play-services-auth:21.4.0] AndroidManifest.xml:27:13-72
237        <!--
238            Service handling Google Sign-In user revocation. For apps that do not integrate with
239            Google Sign-In, this service will never be started.
240        -->
241        <service
241-->[com.google.android.gms:play-services-auth:21.4.0] AndroidManifest.xml:33:9-37:51
242            android:name="com.google.android.gms.auth.api.signin.RevocationBoundService"
242-->[com.google.android.gms:play-services-auth:21.4.0] AndroidManifest.xml:34:13-89
243            android:exported="true"
243-->[com.google.android.gms:play-services-auth:21.4.0] AndroidManifest.xml:35:13-36
244            android:permission="com.google.android.gms.auth.api.signin.permission.REVOCATION_NOTIFICATION"
244-->[com.google.android.gms:play-services-auth:21.4.0] AndroidManifest.xml:36:13-107
245            android:visibleToInstantApps="true" />
245-->[com.google.android.gms:play-services-auth:21.4.0] AndroidManifest.xml:37:13-48
246        <service
246-->[com.google.android.gms:play-services-mlkit-text-recognition-common:19.1.0] AndroidManifest.xml:9:9-15:19
247            android:name="com.google.mlkit.common.internal.MlKitComponentDiscoveryService"
247-->[com.google.android.gms:play-services-mlkit-text-recognition-common:19.1.0] AndroidManifest.xml:10:13-91
248            android:directBootAware="true"
248-->[com.google.mlkit:common:18.11.0] AndroidManifest.xml:17:13-43
249            android:exported="false" >
249-->[com.google.android.gms:play-services-mlkit-text-recognition-common:19.1.0] AndroidManifest.xml:11:13-37
250            <meta-data
250-->[com.google.android.gms:play-services-mlkit-text-recognition-common:19.1.0] AndroidManifest.xml:12:13-14:85
251                android:name="com.google.firebase.components:com.google.mlkit.vision.text.internal.TextRegistrar"
251-->[com.google.android.gms:play-services-mlkit-text-recognition-common:19.1.0] AndroidManifest.xml:13:17-114
252                android:value="com.google.firebase.components.ComponentRegistrar" />
252-->[com.google.android.gms:play-services-mlkit-text-recognition-common:19.1.0] AndroidManifest.xml:14:17-82
253            <meta-data
253-->[com.google.mlkit:vision-common:17.3.0] AndroidManifest.xml:12:13-14:85
254                android:name="com.google.firebase.components:com.google.mlkit.vision.common.internal.VisionCommonRegistrar"
254-->[com.google.mlkit:vision-common:17.3.0] AndroidManifest.xml:13:17-124
255                android:value="com.google.firebase.components.ComponentRegistrar" />
255-->[com.google.mlkit:vision-common:17.3.0] AndroidManifest.xml:14:17-82
256            <meta-data
256-->[com.google.mlkit:translate:17.0.3] AndroidManifest.xml:14:13-16:85
257                android:name="com.google.firebase.components:com.google.mlkit.nl.translate.NaturalLanguageTranslateRegistrar"
257-->[com.google.mlkit:translate:17.0.3] AndroidManifest.xml:15:17-126
258                android:value="com.google.firebase.components.ComponentRegistrar" />
258-->[com.google.mlkit:translate:17.0.3] AndroidManifest.xml:16:17-82
259            <meta-data
259-->[com.google.mlkit:common:18.11.0] AndroidManifest.xml:20:13-22:85
260                android:name="com.google.firebase.components:com.google.mlkit.common.internal.CommonComponentRegistrar"
260-->[com.google.mlkit:common:18.11.0] AndroidManifest.xml:21:17-120
261                android:value="com.google.firebase.components.ComponentRegistrar" />
261-->[com.google.mlkit:common:18.11.0] AndroidManifest.xml:22:17-82
262        </service>
263
264        <provider
264-->[com.google.mlkit:common:18.11.0] AndroidManifest.xml:9:9-13:38
265            android:name="com.google.mlkit.common.internal.MlKitInitProvider"
265-->[com.google.mlkit:common:18.11.0] AndroidManifest.xml:10:13-78
266            android:authorities="com.example.mygermanfreund.mlkitinitprovider"
266-->[com.google.mlkit:common:18.11.0] AndroidManifest.xml:11:13-69
267            android:exported="false"
267-->[com.google.mlkit:common:18.11.0] AndroidManifest.xml:12:13-37
268            android:initOrder="99" />
268-->[com.google.mlkit:common:18.11.0] AndroidManifest.xml:13:13-35
269
270        <activity
270-->[com.google.android.gms:play-services-base:18.5.0] AndroidManifest.xml:5:9-173
271            android:name="com.google.android.gms.common.api.GoogleApiActivity"
271-->[com.google.android.gms:play-services-base:18.5.0] AndroidManifest.xml:5:19-85
272            android:exported="false"
272-->[com.google.android.gms:play-services-base:18.5.0] AndroidManifest.xml:5:146-170
273            android:theme="@android:style/Theme.Translucent.NoTitleBar" />
273-->[com.google.android.gms:play-services-base:18.5.0] AndroidManifest.xml:5:86-145
274
275        <provider
275-->[com.google.firebase:firebase-common:22.0.1] AndroidManifest.xml:23:9-28:39
276            android:name="com.google.firebase.provider.FirebaseInitProvider"
276-->[com.google.firebase:firebase-common:22.0.1] AndroidManifest.xml:24:13-77
277            android:authorities="com.example.mygermanfreund.firebaseinitprovider"
277-->[com.google.firebase:firebase-common:22.0.1] AndroidManifest.xml:25:13-72
278            android:directBootAware="true"
278-->[com.google.firebase:firebase-common:22.0.1] AndroidManifest.xml:26:13-43
279            android:exported="false"
279-->[com.google.firebase:firebase-common:22.0.1] AndroidManifest.xml:27:13-37
280            android:initOrder="100" />
280-->[com.google.firebase:firebase-common:22.0.1] AndroidManifest.xml:28:13-36
281
282        <uses-library
282-->[androidx.window:window:1.2.0] AndroidManifest.xml:23:9-25:40
283            android:name="androidx.window.extensions"
283-->[androidx.window:window:1.2.0] AndroidManifest.xml:24:13-54
284            android:required="false" />
284-->[androidx.window:window:1.2.0] AndroidManifest.xml:25:13-37
285        <uses-library
285-->[androidx.window:window:1.2.0] AndroidManifest.xml:26:9-28:40
286            android:name="androidx.window.sidecar"
286-->[androidx.window:window:1.2.0] AndroidManifest.xml:27:13-51
287            android:required="false" />
287-->[androidx.window:window:1.2.0] AndroidManifest.xml:28:13-37
288
289        <provider
289-->[androidx.emoji2:emoji2:1.2.0] AndroidManifest.xml:24:9-32:20
290            android:name="androidx.startup.InitializationProvider"
290-->[androidx.emoji2:emoji2:1.2.0] AndroidManifest.xml:25:13-67
291            android:authorities="com.example.mygermanfreund.androidx-startup"
291-->[androidx.emoji2:emoji2:1.2.0] AndroidManifest.xml:26:13-68
292            android:exported="false" >
292-->[androidx.emoji2:emoji2:1.2.0] AndroidManifest.xml:27:13-37
293            <meta-data
293-->[androidx.emoji2:emoji2:1.2.0] AndroidManifest.xml:29:13-31:52
294                android:name="androidx.emoji2.text.EmojiCompatInitializer"
294-->[androidx.emoji2:emoji2:1.2.0] AndroidManifest.xml:30:17-75
295                android:value="androidx.startup" />
295-->[androidx.emoji2:emoji2:1.2.0] AndroidManifest.xml:31:17-49
296            <meta-data